tongzijunyh/build/outputs/logs/manifest-merger-release-report.txt
-- Merging decision tree log ---
manifest
ADDED from HanShan/tongzijunyh/AndroidManifest.xml:2:1-801:12
INJECTED from HanShan/tongzijunyh/AndroidManifest.xml:2:1-801:12
INJECTED from HanShan/tongzijunyh/AndroidManifest.xml:2:1-801:12
MERGED from [:EaseUIT] AndroidManifest.xml:2:1-11:12
MERGED from [:oss-android-sdk] AndroidManifest.xml:2:1-22:12
MERGED from [com.android.support:design:26.1.0] AndroidManifest.xml:17:1-31:12
MERGED from [com.android.support:multidex:1.0.2] AndroidManifest.xml:17:1-22:12
MERGED from [cn.bingoogolapple:bga-banner:2.2.4] AndroidManifest.xml:2:1-10:12
MERGED from [com.just.agentweb:agentweb:4.0.2] AndroidManifest.xml:2:1-32:12
MERGED from [com.scwang.smartrefresh:SmartRefreshLayout:1.1.0-alpha-6] AndroidManifest.xml:2:1-17:12
MERGED from [com.tencent.bugly:crashreport:2.6.6.1] AndroidManifest.xml:2:1-9:12
MERGED from [com.tencent.bugly:nativecrashreport:3.3.1] AndroidManifest.xml:2:1-9:12
MERGED from [com.contrarywind:Android-PickerView:4.1.6] AndroidManifest.xml:2:1-11:12
MERGED from [me.panpf:sketch:2.6.1] AndroidManifest.xml:2:1-16:12
MERGED from [com.github.chrisbanes:PhotoView:2.1.3] AndroidManifest.xml:2:1-12:12
MERGED from [com.android.support:appcompat-v7:26.1.0] AndroidManifest.xml:17:1-31:12
MERGED from [:TZJlib] AndroidManifest.xml:2:1-20:12
MERGED from [com.android.support:transition:26.1.0] AndroidManifest.xml:17:1-28:12
MERGED from [com.android.support:support-v4:26.1.0] AndroidManifest.xml:17:1-31:12
MERGED from [com.android.support:recyclerview-v7:26.1.0] AndroidManifest.xml:17:1-28:12
MERGED from [com.contrarywind:wheelview:4.0.8] AndroidManifest.xml:2:1-17:12
MERGED from [com.android.support:support-fragment:26.1.0] AndroidManifest.xml:17:1-31:12
MERGED from [com.android.support:support-core-utils:26.1.0] AndroidManifest.xml:17:1-31:12
MERGED from [com.android.support:animated-vector-drawable:26.1.0] AndroidManifest.xml:17:1-28:12
MERGED from [com.android.support:support-core-ui:26.1.0] AndroidManifest.xml:17:1-31:12
MERGED from [com.android.support:support-media-compat:26.1.0] AndroidManifest.xml:17:1-31:12
MERGED from [com.android.support:support-vector-drawable:26.1.0] AndroidManifest.xml:17:1-28:12
MERGED from [com.android.support:support-compat:26.1.0] AndroidManifest.xml:17:1-31:12
MERGED from [android.arch.lifecycle:runtime:1.0.0] AndroidManifest.xml:17:1-30:12
INJECTED from HanShan/tongzijunyh/AndroidManifest.xml:2:1-801:12
INJECTED from HanShan/tongzijunyh/AndroidManifest.xml:2:1-801:12
	package
		ADDED from HanShan/tongzijunyh/AndroidManifest.xml:3:5-29
	android:versionName
		ADDED from HanShan/tongzijunyh/AndroidManifest.xml:5:5-30
		INJECTED from HanShan/tongzijunyh/AndroidManifest.xml
		INJECTED from HanShan/tongzijunyh/AndroidManifest.xml
	xmlns:android
		ADDED from HanShan/tongzijunyh/AndroidManifest.xml:2:11-69
	android:versionCode
		ADDED from HanShan/tongzijunyh/AndroidManifest.xml:4:5-30
		INJECTED from HanShan/tongzijunyh/AndroidManifest.xml
		INJECTED from HanShan/tongzijunyh/AndroidManifest.xml
supports-screens
ADDED from HanShan/tongzijunyh/AndroidManifest.xml:7:5-12:39
	android:largeScreens
		ADDED from HanShan/tongzijunyh/AndroidManifest.xml:9:9-36
	android:smallScreens
		ADDED from HanShan/tongzijunyh/AndroidManifest.xml:12:9-36
	android:normalScreens
		ADDED from HanShan/tongzijunyh/AndroidManifest.xml:10:9-37
	android:resizeable
		ADDED from HanShan/tongzijunyh/AndroidManifest.xml:11:9-34
	android:anyDensity
		ADDED from HanShan/tongzijunyh/AndroidManifest.xml:8:9-34
uses-sdk
ADDED from HanShan/tongzijunyh/AndroidManifest.xml:14:5-16:41
INJECTED from HanShan/tongzijunyh/AndroidManifest.xml:14:5-16:41
INJECTED from HanShan/tongzijunyh/AndroidManifest.xml:14:5-16:41
MERGED from [:EaseUIT] AndroidManifest.xml:7:5-9:41
MERGED from [:EaseUIT] AndroidManifest.xml:7:5-9:41
MERGED from [:oss-android-sdk] AndroidManifest.xml:7:5-9:41
MERGED from [:oss-android-sdk] AndroidManifest.xml:7:5-9:41
MERGED from [com.android.support:design:26.1.0] AndroidManifest.xml:21:5-23:62
MERGED from [com.android.support:design:26.1.0] AndroidManifest.xml:21:5-23:62
MERGED from [com.android.support:multidex:1.0.2] AndroidManifest.xml:20:5-43
MERGED from [com.android.support:multidex:1.0.2] AndroidManifest.xml:20:5-43
MERGED from [cn.bingoogolapple:bga-banner:2.2.4] AndroidManifest.xml:6:5-8:41
MERGED from [cn.bingoogolapple:bga-banner:2.2.4] AndroidManifest.xml:6:5-8:41
MERGED from [com.just.agentweb:agentweb:4.0.2] AndroidManifest.xml:7:5-9:41
MERGED from [com.just.agentweb:agentweb:4.0.2] AndroidManifest.xml:7:5-9:41
MERGED from [com.scwang.smartrefresh:SmartRefreshLayout:1.1.0-alpha-6] AndroidManifest.xml:7:5-9:41
MERGED from [com.scwang.smartrefresh:SmartRefreshLayout:1.1.0-alpha-6] AndroidManifest.xml:7:5-9:41
MERGED from [com.tencent.bugly:crashreport:2.6.6.1] AndroidManifest.xml:5:5-7:41
MERGED from [com.tencent.bugly:crashreport:2.6.6.1] AndroidManifest.xml:5:5-7:41
MERGED from [com.tencent.bugly:nativecrashreport:3.3.1] AndroidManifest.xml:5:5-7:41
MERGED from [com.tencent.bugly:nativecrashreport:3.3.1] AndroidManifest.xml:5:5-7:41
MERGED from [com.contrarywind:Android-PickerView:4.1.6] AndroidManifest.xml:7:5-9:41
MERGED from [com.contrarywind:Android-PickerView:4.1.6] AndroidManifest.xml:7:5-9:41
MERGED from [me.panpf:sketch:2.6.1] AndroidManifest.xml:7:5-9:41
MERGED from [me.panpf:sketch:2.6.1] AndroidManifest.xml:7:5-9:41
MERGED from [com.github.chrisbanes:PhotoView:2.1.3] AndroidManifest.xml:8:5-10:41
MERGED from [com.github.chrisbanes:PhotoView:2.1.3] AndroidManifest.xml:8:5-10:41
MERGED from [com.android.support:appcompat-v7:26.1.0] AndroidManifest.xml:21:5-23:78
MERGED from [com.android.support:appcompat-v7:26.1.0] AndroidManifest.xml:21:5-23:78
MERGED from [:TZJlib] AndroidManifest.xml:7:5-9:41
MERGED from [:TZJlib] AndroidManifest.xml:7:5-9:41
MERGED from [com.android.support:transition:26.1.0] AndroidManifest.xml:20:5-44
MERGED from [com.android.support:transition:26.1.0] AndroidManifest.xml:20:5-44
MERGED from [com.android.support:support-v4:26.1.0] AndroidManifest.xml:21:5-23:54
MERGED from [com.android.support:support-v4:26.1.0] AndroidManifest.xml:21:5-23:54
MERGED from [com.android.support:recyclerview-v7:26.1.0] AndroidManifest.xml:20:5-44
MERGED from [com.android.support:recyclerview-v7:26.1.0] AndroidManifest.xml:20:5-44
MERGED from [com.contrarywind:wheelview:4.0.8] AndroidManifest.xml:7:5-9:41
MERGED from [com.contrarywind:wheelview:4.0.8] AndroidManifest.xml:7:5-9:41
MERGED from [com.android.support:support-fragment:26.1.0] AndroidManifest.xml:21:5-23:60
MERGED from [com.android.support:support-fragment:26.1.0] AndroidManifest.xml:21:5-23:60
MERGED from [com.android.support:support-core-utils:26.1.0] AndroidManifest.xml:21:5-23:61
MERGED from [com.android.support:support-core-utils:26.1.0] AndroidManifest.xml:21:5-23:61
MERGED from [com.android.support:animated-vector-drawable:26.1.0] AndroidManifest.xml:20:5-44
MERGED from [com.android.support:animated-vector-drawable:26.1.0] AndroidManifest.xml:20:5-44
MERGED from [com.android.support:support-core-ui:26.1.0] AndroidManifest.xml:21:5-23:58
MERGED from [com.android.support:support-core-ui:26.1.0] AndroidManifest.xml:21:5-23:58
MERGED from [com.android.support:support-media-compat:26.1.0] AndroidManifest.xml:21:5-23:63
MERGED from [com.android.support:support-media-compat:26.1.0] AndroidManifest.xml:21:5-23:63
MERGED from [com.android.support:support-vector-drawable:26.1.0] AndroidManifest.xml:20:5-44
MERGED from [com.android.support:support-vector-drawable:26.1.0] AndroidManifest.xml:20:5-44
MERGED from [com.android.support:support-compat:26.1.0] AndroidManifest.xml:21:5-23:58
MERGED from [com.android.support:support-compat:26.1.0] AndroidManifest.xml:21:5-23:58
MERGED from [android.arch.lifecycle:runtime:1.0.0] AndroidManifest.xml:20:5-22:41
MERGED from [android.arch.lifecycle:runtime:1.0.0] AndroidManifest.xml:20:5-22:41
INJECTED from HanShan/tongzijunyh/AndroidManifest.xml:14:5-16:41
INJECTED from HanShan/tongzijunyh/AndroidManifest.xml:14:5-16:41
	tools:overrideLibrary
		ADDED from [com.android.support:design:26.1.0] AndroidManifest.xml:23:9-59
	android:targetSdkVersion
		ADDED from HanShan/tongzijunyh/AndroidManifest.xml:16:9-38
		INJECTED from HanShan/tongzijunyh/AndroidManifest.xml
		INJECTED from HanShan/tongzijunyh/AndroidManifest.xml
	android:minSdkVersion
		ADDED from HanShan/tongzijunyh/AndroidManifest.xml:15:9-35
		INJECTED from HanShan/tongzijunyh/AndroidManifest.xml
		INJECTED from HanShan/tongzijunyh/AndroidManifest.xml
permission#com.richer.tzj.permission.JPUSH_MESSAGE
ADDED from HanShan/tongzijunyh/AndroidManifest.xml:19:5-21:47
	android:protectionLevel
		ADDED from HanShan/tongzijunyh/AndroidManifest.xml:21:9-44
	android:name
		ADDED from HanShan/tongzijunyh/AndroidManifest.xml:20:9-63
uses-permission#com.richer.tzj.permission.JPUSH_MESSAGE
ADDED from HanShan/tongzijunyh/AndroidManifest.xml:23:5-79
	android:name
		ADDED from HanShan/tongzijunyh/AndroidManifest.xml:23:22-76
uses-permission#android.permission.RECEIVE_USER_PRESENT
ADDED from HanShan/tongzijunyh/AndroidManifest.xml:24:5-79
	android:name
		ADDED from HanShan/tongzijunyh/AndroidManifest.xml:24:22-76
uses-permission#android.permission.INTERNET
ADDED from HanShan/tongzijunyh/AndroidManifest.xml:25:5-67
MERGED from [:oss-android-sdk] AndroidManifest.xml:11:5-67
MERGED from [:oss-android-sdk] AndroidManifest.xml:11:5-67
MERGED from [me.panpf:sketch:2.6.1] AndroidManifest.xml:11:5-67
MERGED from [me.panpf:sketch:2.6.1] AndroidManifest.xml:11:5-67
	android:name
		ADDED from HanShan/tongzijunyh/AndroidManifest.xml:25:22-64
uses-permission#android.permission.WAKE_LOCK
ADDED from HanShan/tongzijunyh/AndroidManifest.xml:26:5-68
	android:name
		ADDED from HanShan/tongzijunyh/AndroidManifest.xml:26:22-65
uses-permission#android.permission.READ_PHONE_STATE
ADDED from HanShan/tongzijunyh/AndroidManifest.xml:27:5-75
	android:name
		ADDED from HanShan/tongzijunyh/AndroidManifest.xml:27:22-72
uses-permission#android.permission.WRITE_EXTERNAL_STORAGE
ADDED from HanShan/tongzijunyh/AndroidManifest.xml:28:5-81
MERGED from [:oss-android-sdk] AndroidManifest.xml:14:5-81
MERGED from [:oss-android-sdk] AndroidManifest.xml:14:5-81
	android:name
		ADDED from HanShan/tongzijunyh/AndroidManifest.xml:28:22-78
uses-permission#android.permission.READ_EXTERNAL_STORAGE
ADDED from HanShan/tongzijunyh/AndroidManifest.xml:29:5-80
	android:name
		ADDED from HanShan/tongzijunyh/AndroidManifest.xml:29:22-77
uses-permission#android.permission.WRITE_SETTINGS
ADDED from HanShan/tongzijunyh/AndroidManifest.xml:30:5-73
	android:name
		ADDED from HanShan/tongzijunyh/AndroidManifest.xml:30:22-70
uses-permission#android.permission.VIBRATE
ADDED from HanShan/tongzijunyh/AndroidManifest.xml:31:5-66
	android:name
		ADDED from HanShan/tongzijunyh/AndroidManifest.xml:31:22-63
uses-permission#android.permission.MOUNT_UNMOUNT_FILESYSTEMS
ADDED from HanShan/tongzijunyh/AndroidManifest.xml:32:5-84
	android:name
		ADDED from HanShan/tongzijunyh/AndroidManifest.xml:32:22-81
uses-permission#android.permission.ACCESS_NETWORK_STATE
ADDED from HanShan/tongzijunyh/AndroidManifest.xml:33:5-79
MERGED from [:oss-android-sdk] AndroidManifest.xml:12:5-79
MERGED from [:oss-android-sdk] AndroidManifest.xml:12:5-79
MERGED from [me.panpf:sketch:2.6.1] AndroidManifest.xml:12:5-79
MERGED from [me.panpf:sketch:2.6.1] AndroidManifest.xml:12:5-79
	android:name
		ADDED from HanShan/tongzijunyh/AndroidManifest.xml:33:22-76
uses-permission#android.permission.ACCESS_WIFI_STATE
ADDED from HanShan/tongzijunyh/AndroidManifest.xml:34:5-76
MERGED from [:oss-android-sdk] AndroidManifest.xml:13:5-76
MERGED from [:oss-android-sdk] AndroidManifest.xml:13:5-76
	android:name
		ADDED from HanShan/tongzijunyh/AndroidManifest.xml:34:22-73
uses-permission#android.permission.GET_TASKS
ADDED from HanShan/tongzijunyh/AndroidManifest.xml:40:5-68
	android:name
		ADDED from HanShan/tongzijunyh/AndroidManifest.xml:40:22-65
uses-permission#android.permission.READ_CONTACTS
ADDED from HanShan/tongzijunyh/AndroidManifest.xml:43:5-72
	android:name
		ADDED from HanShan/tongzijunyh/AndroidManifest.xml:43:22-69
uses-permission#android.permission.CALL_PHONE
ADDED from HanShan/tongzijunyh/AndroidManifest.xml:44:5-69
	android:name
		ADDED from HanShan/tongzijunyh/AndroidManifest.xml:44:22-66
uses-permission#android.permission.READ_SMS
ADDED from HanShan/tongzijunyh/AndroidManifest.xml:45:5-67
	android:name
		ADDED from HanShan/tongzijunyh/AndroidManifest.xml:45:22-64
uses-permission#android.permission.SEND_SMS
ADDED from HanShan/tongzijunyh/AndroidManifest.xml:46:5-67
	android:name
		ADDED from HanShan/tongzijunyh/AndroidManifest.xml:46:22-64
uses-permission#android.permission.ACCESS_COARSE_LOCATION
ADDED from HanShan/tongzijunyh/AndroidManifest.xml:48:5-97
	android:name
		ADDED from HanShan/tongzijunyh/AndroidManifest.xml:48:22-78
uses-permission#android.permission.ACCESS_FINE_LOCATION
ADDED from HanShan/tongzijunyh/AndroidManifest.xml:50:5-95
	android:name
		ADDED from HanShan/tongzijunyh/AndroidManifest.xml:50:22-76
uses-permission#android.permission.CHANGE_WIFI_STATE
ADDED from HanShan/tongzijunyh/AndroidManifest.xml:52:5-92
MERGED from [:oss-android-sdk] AndroidManifest.xml:15:5-76
MERGED from [:oss-android-sdk] AndroidManifest.xml:15:5-76
	android:name
		ADDED from HanShan/tongzijunyh/AndroidManifest.xml:52:22-73
uses-permission#android.permission.RECORD_AUDIO
ADDED from HanShan/tongzijunyh/AndroidManifest.xml:59:5-71
	android:name
		ADDED from HanShan/tongzijunyh/AndroidManifest.xml:59:22-68
uses-permission#android.permission.CAMERA
ADDED from HanShan/tongzijunyh/AndroidManifest.xml:60:5-65
	android:name
		ADDED from HanShan/tongzijunyh/AndroidManifest.xml:60:22-62
uses-permission#android.permission.MODIFY_AUDIO_SETTINGS
ADDED from HanShan/tongzijunyh/AndroidManifest.xml:62:5-80
	android:name
		ADDED from HanShan/tongzijunyh/AndroidManifest.xml:62:22-77
uses-permission#android.permission.RECEIVE_BOOT_COMPLETED
ADDED from HanShan/tongzijunyh/AndroidManifest.xml:63:5-81
	android:name
		ADDED from HanShan/tongzijunyh/AndroidManifest.xml:63:22-78
uses-permission#android.permission.GET_ACCOUNTS
ADDED from HanShan/tongzijunyh/AndroidManifest.xml:64:5-71
	android:name
		ADDED from HanShan/tongzijunyh/AndroidManifest.xml:64:22-68
uses-permission#android.permission.USE_CREDENTIALS
ADDED from HanShan/tongzijunyh/AndroidManifest.xml:65:5-74
	android:name
		ADDED from HanShan/tongzijunyh/AndroidManifest.xml:65:22-71
uses-permission#android.permission.MANAGE_ACCOUNTS
ADDED from HanShan/tongzijunyh/AndroidManifest.xml:66:5-74
	android:name
		ADDED from HanShan/tongzijunyh/AndroidManifest.xml:66:22-71
uses-permission#android.permission.AUTHENTICATE_ACCOUNTS
ADDED from HanShan/tongzijunyh/AndroidManifest.xml:67:5-80
	android:name
		ADDED from HanShan/tongzijunyh/AndroidManifest.xml:67:22-77
uses-permission#com.android.launcher.permission.READ_SETTINGS
ADDED from HanShan/tongzijunyh/AndroidManifest.xml:68:5-85
	android:name
		ADDED from HanShan/tongzijunyh/AndroidManifest.xml:68:22-82
uses-permission#android.permission.BROADCAST_STICKY
ADDED from HanShan/tongzijunyh/AndroidManifest.xml:69:5-75
	android:name
		ADDED from HanShan/tongzijunyh/AndroidManifest.xml:69:22-72
uses-permission#com.google.android.c2dm.permission.RECEIVE
ADDED from HanShan/tongzijunyh/AndroidManifest.xml:71:5-82
	android:name
		ADDED from HanShan/tongzijunyh/AndroidManifest.xml:71:22-79
permission#com.richer.tzj.permission.C2D_MESSAGE
ADDED from HanShan/tongzijunyh/AndroidManifest.xml:73:5-75:47
	android:protectionLevel
		ADDED from HanShan/tongzijunyh/AndroidManifest.xml:75:9-44
	android:name
		ADDED from HanShan/tongzijunyh/AndroidManifest.xml:74:9-61
uses-permission#com.richer.tzj.permission.C2D_MESSAGE
ADDED from HanShan/tongzijunyh/AndroidManifest.xml:77:5-77
	android:name
		ADDED from HanShan/tongzijunyh/AndroidManifest.xml:77:22-74
application
ADDED from HanShan/tongzijunyh/AndroidManifest.xml:80:5-799:19
MERGED from [:oss-android-sdk] AndroidManifest.xml:17:5-20:19
MERGED from [:oss-android-sdk] AndroidManifest.xml:17:5-20:19
MERGED from [com.android.support:design:26.1.0] AndroidManifest.xml:25:5-29:19
MERGED from [com.android.support:design:26.1.0] AndroidManifest.xml:25:5-29:19
MERGED from [com.just.agentweb:agentweb:4.0.2] AndroidManifest.xml:11:5-30:19
MERGED from [com.just.agentweb:agentweb:4.0.2] AndroidManifest.xml:11:5-30:19
MERGED from [com.scwang.smartrefresh:SmartRefreshLayout:1.1.0-alpha-6] AndroidManifest.xml:11:5-15:19
MERGED from [com.scwang.smartrefresh:SmartRefreshLayout:1.1.0-alpha-6] AndroidManifest.xml:11:5-15:19
MERGED from [me.panpf:sketch:2.6.1] AndroidManifest.xml:14:5-20
MERGED from [me.panpf:sketch:2.6.1] AndroidManifest.xml:14:5-20
MERGED from [com.android.support:appcompat-v7:26.1.0] AndroidManifest.xml:25:5-29:19
MERGED from [com.android.support:appcompat-v7:26.1.0] AndroidManifest.xml:25:5-29:19
MERGED from [:TZJlib] AndroidManifest.xml:11:5-18:19
MERGED from [:TZJlib] AndroidManifest.xml:11:5-18:19
MERGED from [com.android.support:transition:26.1.0] AndroidManifest.xml:22:5-26:19
MERGED from [com.android.support:transition:26.1.0] AndroidManifest.xml:22:5-26:19
MERGED from [com.android.support:support-v4:26.1.0] AndroidManifest.xml:25:5-29:19
MERGED from [com.android.support:support-v4:26.1.0] AndroidManifest.xml:25:5-29:19
MERGED from [com.android.support:recyclerview-v7:26.1.0] AndroidManifest.xml:22:5-26:19
MERGED from [com.android.support:recyclerview-v7:26.1.0] AndroidManifest.xml:22:5-26:19
MERGED from [com.contrarywind:wheelview:4.0.8] AndroidManifest.xml:11:5-15:19
MERGED from [com.contrarywind:wheelview:4.0.8] AndroidManifest.xml:11:5-15:19
MERGED from [com.android.support:support-fragment:26.1.0] AndroidManifest.xml:25:5-29:19
MERGED from [com.android.support:support-fragment:26.1.0] AndroidManifest.xml:25:5-29:19
MERGED from [com.android.support:support-core-utils:26.1.0] AndroidManifest.xml:25:5-29:19
MERGED from [com.android.support:support-core-utils:26.1.0] AndroidManifest.xml:25:5-29:19
MERGED from [com.android.support:animated-vector-drawable:26.1.0] AndroidManifest.xml:22:5-26:19
MERGED from [com.android.support:animated-vector-drawable:26.1.0] AndroidManifest.xml:22:5-26:19
MERGED from [com.android.support:support-core-ui:26.1.0] AndroidManifest.xml:25:5-29:19
MERGED from [com.android.support:support-core-ui:26.1.0] AndroidManifest.xml:25:5-29:19
MERGED from [com.android.support:support-media-compat:26.1.0] AndroidManifest.xml:25:5-29:19
MERGED from [com.android.support:support-media-compat:26.1.0] AndroidManifest.xml:25:5-29:19
MERGED from [com.android.support:support-vector-drawable:26.1.0] AndroidManifest.xml:22:5-26:19
MERGED from [com.android.support:support-vector-drawable:26.1.0] AndroidManifest.xml:22:5-26:19
MERGED from [com.android.support:support-compat:26.1.0] AndroidManifest.xml:25:5-29:19
MERGED from [com.android.support:support-compat:26.1.0] AndroidManifest.xml:25:5-29:19
MERGED from [android.arch.lifecycle:runtime:1.0.0] AndroidManifest.xml:24:5-28:19
MERGED from [android.arch.lifecycle:runtime:1.0.0] AndroidManifest.xml:24:5-28:19
	android:supportsRtl
		ADDED from [com.contrarywind:wheelview:4.0.8] AndroidManifest.xml:14:9-35
	android:label
		ADDED from HanShan/tongzijunyh/AndroidManifest.xml:85:9-41
	android:hardwareAccelerated
		ADDED from HanShan/tongzijunyh/AndroidManifest.xml:83:9-43
	android:icon
		ADDED from HanShan/tongzijunyh/AndroidManifest.xml:84:9-46
	android:allowBackup
		ADDED from HanShan/tongzijunyh/AndroidManifest.xml:82:9-35
	android:theme
		ADDED from HanShan/tongzijunyh/AndroidManifest.xml:86:9-40
	android:name
		ADDED from HanShan/tongzijunyh/AndroidManifest.xml:81:9-38
activity#com.bm.tzj.mine.LoginAc
ADDED from HanShan/tongzijunyh/AndroidManifest.xml:89:9-91:61
	android:screenOrientation
		ADDED from HanShan/tongzijunyh/AndroidManifest.xml:91:13-49
	android:name
		ADDED from HanShan/tongzijunyh/AndroidManifest.xml:90:13-51
activity#com.bm.tzj.mine.BindPhone
ADDED from HanShan/tongzijunyh/AndroidManifest.xml:94:9-96:61
	android:screenOrientation
		ADDED from HanShan/tongzijunyh/AndroidManifest.xml:96:13-49
	android:name
		ADDED from HanShan/tongzijunyh/AndroidManifest.xml:95:13-53
activity#com.bm.tzj.mine.BindWeichat
ADDED from HanShan/tongzijunyh/AndroidManifest.xml:98:9-100:61
	android:screenOrientation
		ADDED from HanShan/tongzijunyh/AndroidManifest.xml:100:13-49
	android:name
		ADDED from HanShan/tongzijunyh/AndroidManifest.xml:99:13-55
activity#com.bm.tzj.activity.LocationMapAc
ADDED from HanShan/tongzijunyh/AndroidManifest.xml:107:9-109:61
	android:screenOrientation
		ADDED from HanShan/tongzijunyh/AndroidManifest.xml:109:13-49
	android:name
		ADDED from HanShan/tongzijunyh/AndroidManifest.xml:108:13-61
activity#com.bm.tzj.mine.PersonalInformation
ADDED from HanShan/tongzijunyh/AndroidManifest.xml:111:9-113:61
	android:screenOrientation
		ADDED from HanShan/tongzijunyh/AndroidManifest.xml:113:13-49
	android:name
		ADDED from HanShan/tongzijunyh/AndroidManifest.xml:112:13-63
activity#com.bm.tzj.mine.PwdSetAc
ADDED from HanShan/tongzijunyh/AndroidManifest.xml:115:9-117:61
	android:screenOrientation
		ADDED from HanShan/tongzijunyh/AndroidManifest.xml:117:13-49
	android:name
		ADDED from HanShan/tongzijunyh/AndroidManifest.xml:116:13-52
activity#com.bm.tzj.mine.PwdUpAc
ADDED from HanShan/tongzijunyh/AndroidManifest.xml:119:9-121:61
	android:screenOrientation
		ADDED from HanShan/tongzijunyh/AndroidManifest.xml:121:13-49
	android:name
		ADDED from HanShan/tongzijunyh/AndroidManifest.xml:120:13-51
activity#com.bm.tzj.mine.MyCoursebaoAc
ADDED from HanShan/tongzijunyh/AndroidManifest.xml:123:9-125:61
	android:screenOrientation
		ADDED from HanShan/tongzijunyh/AndroidManifest.xml:125:13-49
	android:name
		ADDED from HanShan/tongzijunyh/AndroidManifest.xml:124:13-57
activity#com.bm.tzj.mine.MyCourseAc
ADDED from HanShan/tongzijunyh/AndroidManifest.xml:127:9-129:61
	android:screenOrientation
		ADDED from HanShan/tongzijunyh/AndroidManifest.xml:129:13-49
	android:name
		ADDED from HanShan/tongzijunyh/AndroidManifest.xml:128:13-54
activity#com.bm.tzj.mine.MyCourseDetailAc
ADDED from HanShan/tongzijunyh/AndroidManifest.xml:131:9-133:61
	android:screenOrientation
		ADDED from HanShan/tongzijunyh/AndroidManifest.xml:133:13-49
	android:name
		ADDED from HanShan/tongzijunyh/AndroidManifest.xml:132:13-60
activity#com.bm.tzj.mine.MyYouhuiquanAc
ADDED from HanShan/tongzijunyh/AndroidManifest.xml:136:9-138:61
	android:screenOrientation
		ADDED from HanShan/tongzijunyh/AndroidManifest.xml:138:13-49
	android:name
		ADDED from HanShan/tongzijunyh/AndroidManifest.xml:137:13-58
activity#com.bm.tzj.activity.AccouterIndexAc
ADDED from HanShan/tongzijunyh/AndroidManifest.xml:141:9-143:61
	android:screenOrientation
		ADDED from HanShan/tongzijunyh/AndroidManifest.xml:143:13-49
	android:name
		ADDED from HanShan/tongzijunyh/AndroidManifest.xml:142:13-63
activity#com.bm.tzj.activity.AccouterListAc
ADDED from HanShan/tongzijunyh/AndroidManifest.xml:145:9-147:61
	android:screenOrientation
		ADDED from HanShan/tongzijunyh/AndroidManifest.xml:147:13-49
	android:name
		ADDED from HanShan/tongzijunyh/AndroidManifest.xml:146:13-62
activity#com.bm.tzj.activity.AdvWebActivity
ADDED from HanShan/tongzijunyh/AndroidManifest.xml:149:9-151:61
	android:screenOrientation
		ADDED from HanShan/tongzijunyh/AndroidManifest.xml:151:13-49
	android:name
		ADDED from HanShan/tongzijunyh/AndroidManifest.xml:150:13-62
activity#com.bm.tzj.mine.MyCollectionAc
ADDED from HanShan/tongzijunyh/AndroidManifest.xml:154:9-156:61
	android:screenOrientation
		ADDED from HanShan/tongzijunyh/AndroidManifest.xml:156:13-49
	android:name
		ADDED from HanShan/tongzijunyh/AndroidManifest.xml:155:13-58
activity#com.bm.tzj.mine.MyMedal
ADDED from HanShan/tongzijunyh/AndroidManifest.xml:158:9-160:61
	android:screenOrientation
		ADDED from HanShan/tongzijunyh/AndroidManifest.xml:160:13-49
	android:name
		ADDED from HanShan/tongzijunyh/AndroidManifest.xml:159:13-51
activity#com.bm.tzj.caledar.CaledarAc
ADDED from HanShan/tongzijunyh/AndroidManifest.xml:162:9-164:61
	android:screenOrientation
		ADDED from HanShan/tongzijunyh/AndroidManifest.xml:164:13-49
	android:name
		ADDED from HanShan/tongzijunyh/AndroidManifest.xml:163:13-56
activity#com.bm.tzj.mine.MyChildrenAc
ADDED from HanShan/tongzijunyh/AndroidManifest.xml:167:9-170:61
	android:screenOrientation
		ADDED from HanShan/tongzijunyh/AndroidManifest.xml:170:13-49
	android:windowSoftInputMode
		ADDED from HanShan/tongzijunyh/AndroidManifest.xml:169:13-70
	android:name
		ADDED from HanShan/tongzijunyh/AndroidManifest.xml:168:13-56
activity#com.bm.tzj.mine.AddChildAc
ADDED from HanShan/tongzijunyh/AndroidManifest.xml:172:9-175:61
	android:screenOrientation
		ADDED from HanShan/tongzijunyh/AndroidManifest.xml:175:13-49
	android:windowSoftInputMode
		ADDED from HanShan/tongzijunyh/AndroidManifest.xml:174:13-70
	android:name
		ADDED from HanShan/tongzijunyh/AndroidManifest.xml:173:13-54
activity#com.bm.tzj.mine.EditChildAc
ADDED from HanShan/tongzijunyh/AndroidManifest.xml:177:9-180:61
	android:screenOrientation
		ADDED from HanShan/tongzijunyh/AndroidManifest.xml:180:13-49
	android:windowSoftInputMode
		ADDED from HanShan/tongzijunyh/AndroidManifest.xml:179:13-70
	android:name
		ADDED from HanShan/tongzijunyh/AndroidManifest.xml:178:13-55
activity#com.bm.tzj.mine.AccountBalanceAc
ADDED from HanShan/tongzijunyh/AndroidManifest.xml:183:9-185:61
	android:screenOrientation
		ADDED from HanShan/tongzijunyh/AndroidManifest.xml:185:13-49
	android:name
		ADDED from HanShan/tongzijunyh/AndroidManifest.xml:184:13-60
activity#com.bm.tzj.mine.MyMessageAc
ADDED from HanShan/tongzijunyh/AndroidManifest.xml:188:9-190:61
	android:screenOrientation
		ADDED from HanShan/tongzijunyh/AndroidManifest.xml:190:13-49
	android:name
		ADDED from HanShan/tongzijunyh/AndroidManifest.xml:189:13-55
activity#com.bm.tzj.mine.SettingAc
ADDED from HanShan/tongzijunyh/AndroidManifest.xml:192:9-194:61
	android:screenOrientation
		ADDED from HanShan/tongzijunyh/AndroidManifest.xml:194:13-49
	android:name
		ADDED from HanShan/tongzijunyh/AndroidManifest.xml:193:13-53
activity#com.bm.tzj.mine.UpdateVAc
ADDED from HanShan/tongzijunyh/AndroidManifest.xml:196:9-198:61
	android:screenOrientation
		ADDED from HanShan/tongzijunyh/AndroidManifest.xml:198:13-49
	android:name
		ADDED from HanShan/tongzijunyh/AndroidManifest.xml:197:13-53
activity#com.bm.tzj.mine.NoTeacherAc
ADDED from HanShan/tongzijunyh/AndroidManifest.xml:200:9-202:61
	android:screenOrientation
		ADDED from HanShan/tongzijunyh/AndroidManifest.xml:202:13-49
	android:name
		ADDED from HanShan/tongzijunyh/AndroidManifest.xml:201:13-55
activity#com.bm.tzj.mine.MyTeachersAc
ADDED from HanShan/tongzijunyh/AndroidManifest.xml:204:9-207:66
	android:screenOrientation
		ADDED from HanShan/tongzijunyh/AndroidManifest.xml:206:13-49
	android:windowSoftInputMode
		ADDED from HanShan/tongzijunyh/AndroidManifest.xml:207:13-54
	android:name
		ADDED from HanShan/tongzijunyh/AndroidManifest.xml:205:13-56
activity#com.bm.tzj.mine.DetialMyMessageAc
ADDED from HanShan/tongzijunyh/AndroidManifest.xml:209:9-211:61
	android:screenOrientation
		ADDED from HanShan/tongzijunyh/AndroidManifest.xml:211:13-49
	android:name
		ADDED from HanShan/tongzijunyh/AndroidManifest.xml:210:13-61
activity#com.bm.tzj.mine.MyExploreAc
ADDED from HanShan/tongzijunyh/AndroidManifest.xml:213:9-215:61
	android:screenOrientation
		ADDED from HanShan/tongzijunyh/AndroidManifest.xml:215:13-49
	android:name
		ADDED from HanShan/tongzijunyh/AndroidManifest.xml:214:13-55
activity#com.bm.tzj.ts.ExploreDetailAc
ADDED from HanShan/tongzijunyh/AndroidManifest.xml:218:9-220:61
	android:screenOrientation
		ADDED from HanShan/tongzijunyh/AndroidManifest.xml:220:13-49
	android:name
		ADDED from HanShan/tongzijunyh/AndroidManifest.xml:219:13-57
activity#com.bm.tzj.mine.RechargeAc
ADDED from HanShan/tongzijunyh/AndroidManifest.xml:223:9-225:61
	android:screenOrientation
		ADDED from HanShan/tongzijunyh/AndroidManifest.xml:225:13-49
	android:name
		ADDED from HanShan/tongzijunyh/AndroidManifest.xml:224:13-54
activity#com.bm.tzj.mine.RechargeAc2
ADDED from HanShan/tongzijunyh/AndroidManifest.xml:226:9-228:61
	android:screenOrientation
		ADDED from HanShan/tongzijunyh/AndroidManifest.xml:228:13-49
	android:name
		ADDED from HanShan/tongzijunyh/AndroidManifest.xml:227:13-55
activity#com.bm.tzj.mine.RechargeXieyiAc
ADDED from HanShan/tongzijunyh/AndroidManifest.xml:230:9-232:61
	android:screenOrientation
		ADDED from HanShan/tongzijunyh/AndroidManifest.xml:232:13-49
	android:name
		ADDED from HanShan/tongzijunyh/AndroidManifest.xml:231:13-59
activity#com.bm.tzj.activity.AccouterDetailAc
ADDED from HanShan/tongzijunyh/AndroidManifest.xml:234:9-236:61
	android:screenOrientation
		ADDED from HanShan/tongzijunyh/AndroidManifest.xml:236:13-49
	android:name
		ADDED from HanShan/tongzijunyh/AndroidManifest.xml:235:13-64
activity#com.bm.tzj.activity.MyWebActivity
ADDED from HanShan/tongzijunyh/AndroidManifest.xml:239:9-241:61
	android:screenOrientation
		ADDED from HanShan/tongzijunyh/AndroidManifest.xml:241:13-49
	android:name
		ADDED from HanShan/tongzijunyh/AndroidManifest.xml:240:13-61
activity#com.bm.tzj.activity.ImageViewActivity
ADDED from HanShan/tongzijunyh/AndroidManifest.xml:244:9-246:61
	android:screenOrientation
		ADDED from HanShan/tongzijunyh/AndroidManifest.xml:246:13-49
	android:name
		ADDED from HanShan/tongzijunyh/AndroidManifest.xml:245:13-65
activity#com.bm.tzj.mine.MyCommentAc
ADDED from HanShan/tongzijunyh/AndroidManifest.xml:249:9-251:61
	android:screenOrientation
		ADDED from HanShan/tongzijunyh/AndroidManifest.xml:251:13-49
	android:name
		ADDED from HanShan/tongzijunyh/AndroidManifest.xml:250:13-55
activity#com.bm.tzj.ts.SendContentAc
ADDED from HanShan/tongzijunyh/AndroidManifest.xml:254:9-257:84
	android:screenOrientation
		ADDED from HanShan/tongzijunyh/AndroidManifest.xml:256:13-49
	android:windowSoftInputMode